Using pre-set license
Built from '2020.3/release' branch; Version is '2020.3.2f1 (8fd9074bf66c) revision 9427207'; Using compiler version '192528614'; Build Type 'Release'
OS: 'Windows 10 Enterprise; OS build 19041.746; Version 2004; 64bit' Language: 'en' Physical Memory: 16172 MB
BatchMode: 1, IsHumanControllingUs: 0, StartBugReporterOnCrash: 0, Is64bit: 1, IsPro: 0

 COMMAND LINE ARGUMENTS:
C:\Program Files\Unity\Hub\Editor\2020.3.2f1\Editor\Unity.exe
-adb2
-batchMode
-noUpm
-name
AssetImportWorker0
-projectPath
C:/Users/snook/Desktop/Avoider
-logFile
Logs/AssetImportWorker0.log
-srvPort
63015
Successfully changed project path to: C:/Users/snook/Desktop/Avoider
C:/Users/snook/Desktop/Avoider
Using Asset Import Pipeline V2.
Refreshing native plugins compatible for Editor in 47.32 ms, found 1 plugins.
Preloading 0 native plugins for Editor in 0.00 ms.
Initialize engine version: 2020.3.2f1 (8fd9074bf66c)
[Subsystems] Discovering subsystems at path C:/Program Files/Unity/Hub/Editor/2020.3.2f1/Editor/Data/Resources/UnitySubsystems
[Subsystems] Discovering subsystems at path C:/Users/snook/Desktop/Avoider/Assets
GfxDevice: creating device client; threaded=0
Direct3D:
    Version:  Direct3D 11.0 [level 11.1]
    Renderer: Intel(R) UHD Graphics 620 (ID=0x3ea0)
    Vendor:   
    VRAM:     8086 MB
    Driver:   26.20.100.7755
Initialize mono
Mono path[0] = 'C:/Program Files/Unity/Hub/Editor/2020.3.2f1/Editor/Data/Managed'
Mono path[1] = 'C:/Program Files/Unity/Hub/Editor/2020.3.2f1/Editor/Data/MonoBleedingEdge/lib/mono/unityjit'
Mono config path = 'C:/Program Files/Unity/Hub/Editor/2020.3.2f1/Editor/Data/MonoBleedingEdge/etc'
Using monoOptions --debugger-agent=transport=dt_socket,embedding=1,server=y,suspend=n,address=127.0.0.1:56848
Begin MonoManager ReloadAssembly
Registering precompiled unity dll's ...
Register platform support module: C:/Program Files/Unity/Hub/Editor/2020.3.2f1/Editor/Data/PlaybackEngines/MacStandaloneSupport/UnityEditor.OSXStandalone.Extensions.dll
Register platform support module: C:/Program Files/Unity/Hub/Editor/2020.3.2f1/Editor/Data/PlaybackEngines/WindowsStandaloneSupport/UnityEditor.WindowsStandalone.Extensions.dll
Registered in 0.002385 seconds.
Native extension for WindowsStandalone target not found
Native extension for OSXStandalone target not found
Refreshing native plugins compatible for Editor in 52.00 ms, found 1 plugins.
Preloading 0 native plugins for Editor in 0.00 ms.
Invoked RoslynAnalysisRunner static constructor.
RoslynAnalysisRunner will not be running.
RoslynAnalysisRunner has terminated.
Mono: successfully reloaded assembly
- Completed reload, in  1.250 seconds
Platform modules already initialized, skipping
Registering precompiled user dll's ...
Registered in 0.000941 seconds.
Begin MonoManager ReloadAssembly
Native extension for WindowsStandalone target not found
Native extension for OSXStandalone target not found
Refreshing native plugins compatible for Editor in 51.81 ms, found 1 plugins.
Preloading 0 native plugins for Editor in 0.00 ms.
Invoked RoslynAnalysisRunner static constructor.
RoslynAnalysisRunner will not be running.
RoslynAnalysisRunner has terminated.
Mono: successfully reloaded assembly
- Completed reload, in  1.208 seconds
Platform modules already initialized, skipping
========================================================================
Worker process is ready to serve import requests
Launched and connected shader compiler UnityShaderCompiler.exe after 0.06 seconds
Refreshing native plugins compatible for Editor in 0.36 ms, found 1 plugins.
Preloading 0 native plugins for Editor in 0.00 ms.
Unloading 1808 Unused Serialized files (Serialized files now loaded: 0)
System memory in use before: 84.8 MB.
System memory in use after: 84.8 MB.

Unloading 24 unused Assets to reduce memory usage. Loaded Objects now: 2250.
Total: 2.384500 ms (FindLiveObjects: 0.308800 ms CreateObjectMapping: 0.079500 ms MarkObjects: 1.864200 ms  DeleteObjects: 0.127600 ms)

========================================================================
Received Import Request.
  path: Assets
  artifactKey: Guid(00000000000000001000000000000000) Importer(815301076,1909f56bfc062723c751e8b465ee728b)
Start importing Assets using Guid(00000000000000001000000000000000) Importer(815301076,1909f56bfc062723c751e8b465ee728b)  -> (artifact id: '819a33a9bd799f71faca6db75e8a216c') in 0.004141 seconds
  Import took 0.008174 seconds .

========================================================================
Received Import Request.
  Time since last request: 2.007958 seconds.
  path: Assets/Graphics
  artifactKey: Guid(b64ee6c64d3bdb24b928a87d9dce433c) Importer(815301076,1909f56bfc062723c751e8b465ee728b)
Start importing Assets/Graphics using Guid(b64ee6c64d3bdb24b928a87d9dce433c) Importer(815301076,1909f56bfc062723c751e8b465ee728b)  -> (artifact id: '1847fbefb0d07909ef06c114167442f7') in 0.001924 seconds
  Import took 0.005920 seconds .

========================================================================
Received Import Request.
  Time since last request: 6.894525 seconds.
  path: Assets/Prefabs
  artifactKey: Guid(51e5b81aa4b41e84ea043d9ceb2ddaeb) Importer(815301076,1909f56bfc062723c751e8b465ee728b)
Start importing Assets/Prefabs using Guid(51e5b81aa4b41e84ea043d9ceb2ddaeb) Importer(815301076,1909f56bfc062723c751e8b465ee728b)  -> (artifact id: '976b4805bdc84890dd5031e57ab10536') in 0.002152 seconds
  Import took 0.005337 seconds .

========================================================================
Received Import Request.
  Time since last request: 5.205311 seconds.
  path: Assets/Spirtes
  artifactKey: Guid(1a07e090a70d5944f8951a2493280161) Importer(815301076,1909f56bfc062723c751e8b465ee728b)
Start importing Assets/Spirtes using Guid(1a07e090a70d5944f8951a2493280161) Importer(815301076,1909f56bfc062723c751e8b465ee728b)  -> (artifact id: 'a5597e46149a965caffdb18e569d2430') in 0.002286 seconds
  Import took 0.006012 seconds .

========================================================================
Received Import Request.
  Time since last request: 130.283374 seconds.
  path: Assets/Graphics/pacman_1.png
  artifactKey: Guid(3d5f40b016f0b19429ee19d87b4aa7f2) Importer(815301076,1909f56bfc062723c751e8b465ee728b)
Start importing Assets/Graphics/pacman_1.png using Guid(3d5f40b016f0b19429ee19d87b4aa7f2) Importer(815301076,1909f56bfc062723c751e8b465ee728b)  -> (artifact id: '69111a361c2262c0922088d12fba3c27') in 0.112551 seconds
  Import took 0.117163 seconds .

========================================================================
Received Import Request.
  Time since last request: 0.000311 seconds.
  path: Assets/Graphics/pellet_energizer.png
  artifactKey: Guid(d8e9da0918550f24cb60f06aa30c7915) Importer(815301076,1909f56bfc062723c751e8b465ee728b)
Start importing Assets/Graphics/pellet_energizer.png using Guid(d8e9da0918550f24cb60f06aa30c7915) Importer(815301076,1909f56bfc062723c751e8b465ee728b)  -> (artifact id: '5cfb588cf90a3dc46b4d319ac67411f5') in 0.009728 seconds
  Import took 0.013394 seconds .

========================================================================
Received Import Request.
  Time since last request: 0.000206 seconds.
  path: Assets/Graphics/tileset.png
  artifactKey: Guid(9130a8e9c81c7c7498b5f16cbd66b4d6) Importer(815301076,1909f56bfc062723c751e8b465ee728b)
Start importing Assets/Graphics/tileset.png using Guid(9130a8e9c81c7c7498b5f16cbd66b4d6) Importer(815301076,1909f56bfc062723c751e8b465ee728b)  -> (artifact id: 'f53c0f1ed08467ddd55da206e1599d6c') in 0.011214 seconds
  Import took 0.014712 seconds .

========================================================================
Received Import Request.
  Time since last request: 0.000276 seconds.
  path: Assets/Graphics/pellet.png
  artifactKey: Guid(dad41ce4b202b6042a55774737070f1b) Importer(815301076,1909f56bfc062723c751e8b465ee728b)
Start importing Assets/Graphics/pellet.png using Guid(dad41ce4b202b6042a55774737070f1b) Importer(815301076,1909f56bfc062723c751e8b465ee728b)  -> (artifact id: 'fc07231b1254195bf39889fb05085cf8') in 0.009802 seconds
  Import took 0.014137 seconds .

========================================================================
Received Import Request.
  Time since last request: 0.000188 seconds.
  path: Assets/Graphics/tileset.png
  artifactKey: Guid(9130a8e9c81c7c7498b5f16cbd66b4d6) Importer(815301076,1909f56bfc062723c751e8b465ee728b)
Start importing Assets/Graphics/tileset.png using Guid(9130a8e9c81c7c7498b5f16cbd66b4d6) Importer(815301076,1909f56bfc062723c751e8b465ee728b)  -> (artifact id: 'f53c0f1ed08467ddd55da206e1599d6c') in 0.011667 seconds
  Import took 0.015532 seconds .

========================================================================
Received Import Request.
  Time since last request: 63.914091 seconds.
  path: Assets/Graphics/tileset.png
  artifactKey: Guid(9130a8e9c81c7c7498b5f16cbd66b4d6) Importer(815301076,1909f56bfc062723c751e8b465ee728b)
Start importing Assets/Graphics/tileset.png using Guid(9130a8e9c81c7c7498b5f16cbd66b4d6) Importer(815301076,1909f56bfc062723c751e8b465ee728b)  -> (artifact id: '0a5c3d830d4af50567a8e262cc343e7b') in 0.005360 seconds
  Import took 0.009515 seconds .

========================================================================
Received Import Request.
  Time since last request: 161.752512 seconds.
  path: Assets/Graphics/tileset.png
  artifactKey: Guid(9130a8e9c81c7c7498b5f16cbd66b4d6) Importer(815301076,1909f56bfc062723c751e8b465ee728b)
Start importing Assets/Graphics/tileset.png using Guid(9130a8e9c81c7c7498b5f16cbd66b4d6) Importer(815301076,1909f56bfc062723c751e8b465ee728b)  -> (artifact id: '3e3da275cab39b15fe5ecf56f11b1dad') in 0.085821 seconds
  Import took 0.090328 seconds .

========================================================================
Received Import Request.
  Time since last request: 159.251568 seconds.
  path: Assets/Graphics/New Palette.prefab
  artifactKey: Guid(05df81308d500734f8cb77af41785929) Importer(815301076,1909f56bfc062723c751e8b465ee728b)
Start importing Assets/Graphics/New Palette.prefab using Guid(05df81308d500734f8cb77af41785929) Importer(815301076,1909f56bfc062723c751e8b465ee728b)  -> (artifact id: 'c6c82a7c4164bb15e5e42887bd408d33') in 0.013743 seconds
  Import took 0.017795 seconds .

========================================================================
Received Import Request.
  Time since last request: 6.535061 seconds.
  path: Assets/Graphics/New Palette.prefab
  artifactKey: Guid(05df81308d500734f8cb77af41785929) Importer(815301076,1909f56bfc062723c751e8b465ee728b)
Start importing Assets/Graphics/New Palette.prefab using Guid(05df81308d500734f8cb77af41785929) Importer(815301076,1909f56bfc062723c751e8b465ee728b)  -> (artifact id: '07d86b74ae448ac213720a0bd6389056') in 0.006368 seconds
  Import took 0.010984 seconds .

========================================================================
Received Prepare
Registering precompiled user dll's ...
Registered in 0.001150 seconds.
Begin MonoManager ReloadAssembly
Native extension for WindowsStandalone target not found
Native extension for OSXStandalone target not found
Refreshing native plugins compatible for Editor in 0.71 ms, found 1 plugins.
Preloading 0 native plugins for Editor in 0.00 ms.
Invoked RoslynAnalysisRunner static constructor.
RoslynAnalysisRunner will not be running.
RoslynAnalysisRunner has terminated.
Mono: successfully reloaded assembly
- Completed reload, in  1.332 seconds
Platform modules already initialized, skipping
Refreshing native plugins compatible for Editor in 0.44 ms, found 1 plugins.
Preloading 0 native plugins for Editor in 0.00 ms.
Unloading 1803 Unused Serialized files (Serialized files now loaded: 0)
System memory in use before: 87.9 MB.
System memory in use after: 87.9 MB.

Unloading 12 unused Assets to reduce memory usage. Loaded Objects now: 2264.
Total: 2.836200 ms (FindLiveObjects: 0.408400 ms CreateObjectMapping: 0.172900 ms MarkObjects: 2.133900 ms  DeleteObjects: 0.118900 ms)

========================================================================
Received Prepare
Registering precompiled user dll's ...
Registered in 0.000925 seconds.
Begin MonoManager ReloadAssembly
Native extension for WindowsStandalone target not found
Native extension for OSXStandalone target not found
Refreshing native plugins compatible for Editor in 0.77 ms, found 1 plugins.
Preloading 0 native plugins for Editor in 0.00 ms.
Invoked RoslynAnalysisRunner static constructor.
RoslynAnalysisRunner will not be running.
RoslynAnalysisRunner has terminated.
Mono: successfully reloaded assembly
- Completed reload, in  1.291 seconds
Platform modules already initialized, skipping
Refreshing native plugins compatible for Editor in 0.39 ms, found 1 plugins.
Preloading 0 native plugins for Editor in 0.00 ms.
Unloading 1803 Unused Serialized files (Serialized files now loaded: 0)
System memory in use before: 87.9 MB.
System memory in use after: 87.9 MB.

Unloading 12 unused Assets to reduce memory usage. Loaded Objects now: 2268.
Total: 3.211800 ms (FindLiveObjects: 0.367500 ms CreateObjectMapping: 0.104500 ms MarkObjects: 2.579600 ms  DeleteObjects: 0.157900 ms)

========================================================================
Received Prepare
Registering precompiled user dll's ...
Registered in 0.000882 seconds.
Begin MonoManager ReloadAssembly
Native extension for WindowsStandalone target not found
Native extension for OSXStandalone target not found
Refreshing native plugins compatible for Editor in 0.47 ms, found 1 plugins.
Preloading 0 native plugins for Editor in 0.00 ms.
Invoked RoslynAnalysisRunner static constructor.
RoslynAnalysisRunner will not be running.
RoslynAnalysisRunner has terminated.
Mono: successfully reloaded assembly
- Completed reload, in  1.258 seconds
Platform modules already initialized, skipping
Refreshing native plugins compatible for Editor in 0.40 ms, found 1 plugins.
Preloading 0 native plugins for Editor in 0.00 ms.
Unloading 1803 Unused Serialized files (Serialized files now loaded: 0)
System memory in use before: 88.0 MB.
System memory in use after: 87.9 MB.

Unloading 12 unused Assets to reduce memory usage. Loaded Objects now: 2272.
Total: 2.866500 ms (FindLiveObjects: 0.466000 ms CreateObjectMapping: 0.112000 ms MarkObjects: 2.149100 ms  DeleteObjects: 0.136900 ms)

========================================================================
Received Prepare
Registering precompiled user dll's ...
Registered in 0.000992 seconds.
Begin MonoManager ReloadAssembly
Native extension for WindowsStandalone target not found
Native extension for OSXStandalone target not found
Refreshing native plugins compatible for Editor in 0.42 ms, found 1 plugins.
Preloading 0 native plugins for Editor in 0.00 ms.
Invoked RoslynAnalysisRunner static constructor.
RoslynAnalysisRunner will not be running.
RoslynAnalysisRunner has terminated.
Mono: successfully reloaded assembly
- Completed reload, in  1.183 seconds
Platform modules already initialized, skipping
Refreshing native plugins compatible for Editor in 0.58 ms, found 1 plugins.
Preloading 0 native plugins for Editor in 0.00 ms.
Unloading 1803 Unused Serialized files (Serialized files now loaded: 0)
System memory in use before: 88.0 MB.
System memory in use after: 87.9 MB.

Unloading 12 unused Assets to reduce memory usage. Loaded Objects now: 2276.
Total: 2.397100 ms (FindLiveObjects: 0.195900 ms CreateObjectMapping: 0.089900 ms MarkObjects: 1.994300 ms  DeleteObjects: 0.115100 ms)

========================================================================
Received Prepare
Registering precompiled user dll's ...
Registered in 0.000964 seconds.
Begin MonoManager ReloadAssembly
Native extension for WindowsStandalone target not found
Native extension for OSXStandalone target not found
Refreshing native plugins compatible for Editor in 0.42 ms, found 1 plugins.
Preloading 0 native plugins for Editor in 0.00 ms.
Invoked RoslynAnalysisRunner static constructor.
RoslynAnalysisRunner will not be running.
RoslynAnalysisRunner has terminated.
Mono: successfully reloaded assembly
- Completed reload, in  1.148 seconds
Platform modules already initialized, skipping
Refreshing native plugins compatible for Editor in 0.41 ms, found 1 plugins.
Preloading 0 native plugins for Editor in 0.00 ms.
Unloading 1803 Unused Serialized files (Serialized files now loaded: 0)
System memory in use before: 88.0 MB.
System memory in use after: 88.0 MB.

Unloading 12 unused Assets to reduce memory usage. Loaded Objects now: 2280.
Total: 2.958000 ms (FindLiveObjects: 0.515100 ms CreateObjectMapping: 0.206100 ms MarkObjects: 2.115300 ms  DeleteObjects: 0.119900 ms)

========================================================================
Received Prepare
Registering precompiled user dll's ...
Registered in 0.000913 seconds.
Begin MonoManager ReloadAssembly
Native extension for WindowsStandalone target not found
Native extension for OSXStandalone target not found
Refreshing native plugins compatible for Editor in 0.49 ms, found 1 plugins.
Preloading 0 native plugins for Editor in 0.00 ms.
Invoked RoslynAnalysisRunner static constructor.
RoslynAnalysisRunner will not be running.
RoslynAnalysisRunner has terminated.
Mono: successfully reloaded assembly
- Completed reload, in  1.283 seconds
Platform modules already initialized, skipping
Refreshing native plugins compatible for Editor in 0.41 ms, found 1 plugins.
Preloading 0 native plugins for Editor in 0.00 ms.
Unloading 1803 Unused Serialized files (Serialized files now loaded: 0)
System memory in use before: 88.0 MB.
System memory in use after: 88.0 MB.

Unloading 12 unused Assets to reduce memory usage. Loaded Objects now: 2284.
Total: 3.387000 ms (FindLiveObjects: 0.372800 ms CreateObjectMapping: 0.117800 ms MarkObjects: 2.729300 ms  DeleteObjects: 0.165200 ms)

========================================================================
Received Prepare
Registering precompiled user dll's ...
Registered in 0.001123 seconds.
Begin MonoManager ReloadAssembly
Native extension for WindowsStandalone target not found
Native extension for OSXStandalone target not found
Refreshing native plugins compatible for Editor in 0.42 ms, found 1 plugins.
Preloading 0 native plugins for Editor in 0.00 ms.
Invoked RoslynAnalysisRunner static constructor.
RoslynAnalysisRunner will not be running.
RoslynAnalysisRunner has terminated.
Mono: successfully reloaded assembly
- Completed reload, in  1.255 seconds
Platform modules already initialized, skipping
Refreshing native plugins compatible for Editor in 0.40 ms, found 1 plugins.
Preloading 0 native plugins for Editor in 0.00 ms.
Unloading 1803 Unused Serialized files (Serialized files now loaded: 0)
System memory in use before: 88.0 MB.
System memory in use after: 88.0 MB.

Unloading 12 unused Assets to reduce memory usage. Loaded Objects now: 2288.
Total: 3.109300 ms (FindLiveObjects: 0.367100 ms CreateObjectMapping: 0.227500 ms MarkObjects: 2.376900 ms  DeleteObjects: 0.125700 ms)

========================================================================
Received Prepare
Registering precompiled user dll's ...
Registered in 0.001442 seconds.
Begin MonoManager ReloadAssembly
Native extension for WindowsStandalone target not found
Native extension for OSXStandalone target not found
Refreshing native plugins compatible for Editor in 0.50 ms, found 1 plugins.
Preloading 0 native plugins for Editor in 0.00 ms.
Invoked RoslynAnalysisRunner static constructor.
RoslynAnalysisRunner will not be running.
RoslynAnalysisRunner has terminated.
Mono: successfully reloaded assembly
- Completed reload, in  1.185 seconds
Platform modules already initialized, skipping
Refreshing native plugins compatible for Editor in 0.38 ms, found 1 plugins.
Preloading 0 native plugins for Editor in 0.00 ms.
Unloading 1803 Unused Serialized files (Serialized files now loaded: 0)
System memory in use before: 88.0 MB.
System memory in use after: 88.0 MB.

Unloading 12 unused Assets to reduce memory usage. Loaded Objects now: 2292.
Total: 2.620100 ms (FindLiveObjects: 0.408300 ms CreateObjectMapping: 0.106500 ms MarkObjects: 1.986600 ms  DeleteObjects: 0.116700 ms)

========================================================================
Received Import Request.
  Time since last request: 5167.610244 seconds.
  path: Assets/Graphics/gem.png
  artifactKey: Guid(323e40c69677c2f439e8e384b01ac507) Importer(815301076,1909f56bfc062723c751e8b465ee728b)
Start importing Assets/Graphics/gem.png using Guid(323e40c69677c2f439e8e384b01ac507) Importer(815301076,1909f56bfc062723c751e8b465ee728b)  -> (artifact id: '618625609e8276564e4fc688b046c452') in 0.061988 seconds
  Import took 0.067482 seconds .

========================================================================
Received Import Request.
  Time since last request: 7.038743 seconds.
  path: Assets/Graphics/sprites.png
  artifactKey: Guid(0312bccd16a76534c8e601a7de5f680b) Importer(815301076,1909f56bfc062723c751e8b465ee728b)
Start importing Assets/Graphics/sprites.png using Guid(0312bccd16a76534c8e601a7de5f680b) Importer(815301076,1909f56bfc062723c751e8b465ee728b)  -> (artifact id: '99e4c565f65e3aba78f3f547976b1f69') in 0.021506 seconds
  Import took 0.026710 seconds .

========================================================================
Received Import Request.
  Time since last request: 10.607201 seconds.
  path: Assets/Spirtes/sprites.png
  artifactKey: Guid(0e37d65ceb62e8844859768c387a11ae) Importer(815301076,1909f56bfc062723c751e8b465ee728b)
Start importing Assets/Spirtes/sprites.png using Guid(0e37d65ceb62e8844859768c387a11ae) Importer(815301076,1909f56bfc062723c751e8b465ee728b)  -> (artifact id: '135bceb9855071b1bc050097cffcf0ef') in 0.026340 seconds
  Import took 0.031274 seconds .

========================================================================
Received Import Request.
  Time since last request: 22849.087156 seconds.
  path: Assets/Scripts
  artifactKey: Guid(fbe5c201094583846869ab9b2528f3c6) Importer(815301076,1909f56bfc062723c751e8b465ee728b)
Start importing Assets/Scripts using Guid(fbe5c201094583846869ab9b2528f3c6) Importer(815301076,1909f56bfc062723c751e8b465ee728b)  -> (artifact id: '18d8fbdd9008c57e4d5abe16f83790aa') in 0.004091 seconds
  Import took 0.034843 seconds .

========================================================================
Received Import Request.
  Time since last request: 23.576217 seconds.
  path: Assets/Scripts/camera_scriot.cs
  artifactKey: Guid(014b06b0c2d66f74991c73d721a47140) Importer(815301076,1909f56bfc062723c751e8b465ee728b)
Start importing Assets/Scripts/camera_scriot.cs using Guid(014b06b0c2d66f74991c73d721a47140) Importer(815301076,1909f56bfc062723c751e8b465ee728b)  -> (artifact id: '2fb77687514ba435cb5beaf2c52bc34e') in 0.024857 seconds
  Import took 0.030097 seconds .

========================================================================
Received Prepare
Registering precompiled user dll's ...
Registered in 0.001002 seconds.
Begin MonoManager ReloadAssembly
Native extension for WindowsStandalone target not found
Native extension for OSXStandalone target not found
Refreshing native plugins compatible for Editor in 0.42 ms, found 1 plugins.
Preloading 0 native plugins for Editor in 0.00 ms.
Invoked RoslynAnalysisRunner static constructor.
RoslynAnalysisRunner will not be running.
RoslynAnalysisRunner has terminated.
Mono: successfully reloaded assembly
- Completed reload, in  1.190 seconds
Platform modules already initialized, skipping
Refreshing native plugins compatible for Editor in 0.40 ms, found 1 plugins.
Preloading 0 native plugins for Editor in 0.00 ms.
Unloading 1804 Unused Serialized files (Serialized files now loaded: 0)
System memory in use before: 88.1 MB.
System memory in use after: 88.0 MB.

Unloading 12 unused Assets to reduce memory usage. Loaded Objects now: 2302.
Total: 2.798900 ms (FindLiveObjects: 0.499000 ms CreateObjectMapping: 0.107500 ms MarkObjects: 2.052100 ms  DeleteObjects: 0.138200 ms)

========================================================================
Received Prepare
Registering precompiled user dll's ...
Registered in 0.001391 seconds.
Begin MonoManager ReloadAssembly
Native extension for WindowsStandalone target not found
Native extension for OSXStandalone target not found
Refreshing native plugins compatible for Editor in 0.61 ms, found 1 plugins.
Preloading 0 native plugins for Editor in 0.00 ms.
Invoked RoslynAnalysisRunner static constructor.
RoslynAnalysisRunner will not be running.
RoslynAnalysisRunner has terminated.
Mono: successfully reloaded assembly
- Completed reload, in  1.146 seconds
Platform modules already initialized, skipping
Refreshing native plugins compatible for Editor in 0.38 ms, found 1 plugins.
Preloading 0 native plugins for Editor in 0.00 ms.
Unloading 1803 Unused Serialized files (Serialized files now loaded: 0)
System memory in use before: 88.1 MB.
System memory in use after: 88.0 MB.

Unloading 13 unused Assets to reduce memory usage. Loaded Objects now: 2305.
Total: 3.692600 ms (FindLiveObjects: 0.354500 ms CreateObjectMapping: 0.144100 ms MarkObjects: 3.061100 ms  DeleteObjects: 0.131100 ms)

========================================================================
Received Import Request.
  Time since last request: 16.722271 seconds.
  path: Assets/Scripts/camera_script.cs
  artifactKey: Guid(8db0487e2c16f6248947f58d7a12e259) Importer(815301076,1909f56bfc062723c751e8b465ee728b)
Start importing Assets/Scripts/camera_script.cs using Guid(8db0487e2c16f6248947f58d7a12e259) Importer(815301076,1909f56bfc062723c751e8b465ee728b)  -> (artifact id: '6d1b7ff0928ad01edec15adc1ca6b2c7') in 0.005673 seconds
  Import took 0.010676 seconds .

========================================================================
Received Prepare
Registering precompiled user dll's ...
Registered in 0.000968 seconds.
Begin MonoManager ReloadAssembly
Native extension for WindowsStandalone target not found
Native extension for OSXStandalone target not found
Refreshing native plugins compatible for Editor in 0.42 ms, found 1 plugins.
Preloading 0 native plugins for Editor in 0.00 ms.
Invoked RoslynAnalysisRunner static constructor.
RoslynAnalysisRunner will not be running.
RoslynAnalysisRunner has terminated.
Mono: successfully reloaded assembly
- Completed reload, in  1.436 seconds
Platform modules already initialized, skipping
Refreshing native plugins compatible for Editor in 0.40 ms, found 1 plugins.
Preloading 0 native plugins for Editor in 0.00 ms.
Unloading 1804 Unused Serialized files (Serialized files now loaded: 0)
System memory in use before: 88.1 MB.
System memory in use after: 88.1 MB.

Unloading 12 unused Assets to reduce memory usage. Loaded Objects now: 2310.
Total: 3.152400 ms (FindLiveObjects: 0.346400 ms CreateObjectMapping: 0.103000 ms MarkObjects: 2.556200 ms  DeleteObjects: 0.145500 ms)

========================================================================
Received Import Request.
  Time since last request: 424.207245 seconds.
  path: Assets/Graphics/tileset_0.asset
  artifactKey: Guid(f92444a48d21aea43b82497095e82ac7) Importer(815301076,1909f56bfc062723c751e8b465ee728b)
Start importing Assets/Graphics/tileset_0.asset using Guid(f92444a48d21aea43b82497095e82ac7) Importer(815301076,1909f56bfc062723c751e8b465ee728b)  -> (artifact id: '4ab0c6c0d8b476733c6826a261ea7930') in 0.078684 seconds
  Import took 0.083089 seconds .

========================================================================
Received Import Request.
  Time since last request: 0.000262 seconds.
  path: Assets/Graphics/tileset_20.asset
  artifactKey: Guid(fa8d45cec998c074d8b79ff0c74b19b7) Importer(815301076,1909f56bfc062723c751e8b465ee728b)
Start importing Assets/Graphics/tileset_20.asset using Guid(fa8d45cec998c074d8b79ff0c74b19b7) Importer(815301076,1909f56bfc062723c751e8b465ee728b)  -> (artifact id: '37e3f7c3d0788274833525f445ea05c8') in 0.005566 seconds
  Import took 0.008902 seconds .

========================================================================
Received Import Request.
  Time since last request: 0.000421 seconds.
  path: Assets/Graphics/tileset_4.asset
  artifactKey: Guid(0f48d4ec2bc0c454e805dce67ef12300) Importer(815301076,1909f56bfc062723c751e8b465ee728b)
Start importing Assets/Graphics/tileset_4.asset using Guid(0f48d4ec2bc0c454e805dce67ef12300) Importer(815301076,1909f56bfc062723c751e8b465ee728b)  -> (artifact id: 'b9e4d39f828e0b8f190efc9370aa76c4') in 0.008965 seconds
  Import took 0.013355 seconds .

========================================================================
Received Import Request.
  Time since last request: 0.000187 seconds.
  path: Assets/Graphics/tileset_13.asset
  artifactKey: Guid(c824f3cda0ac1454fbb1824002376523) Importer(815301076,1909f56bfc062723c751e8b465ee728b)
Start importing Assets/Graphics/tileset_13.asset using Guid(c824f3cda0ac1454fbb1824002376523) Importer(815301076,1909f56bfc062723c751e8b465ee728b)  -> (artifact id: '002e2f0a7d90c28fbc324f9caa989d3b') in 0.005763 seconds
  Import took 0.009451 seconds .

========================================================================
Received Import Request.
  Time since last request: 0.000254 seconds.
  path: Assets/Graphics/tileset_21.asset
  artifactKey: Guid(4208e36b6bcd26a429a1d66512bbbe7f) Importer(815301076,1909f56bfc062723c751e8b465ee728b)
Start importing Assets/Graphics/tileset_21.asset using Guid(4208e36b6bcd26a429a1d66512bbbe7f) Importer(815301076,1909f56bfc062723c751e8b465ee728b)  -> (artifact id: '354ea40406afe5f0735bfac0e5cfceeb') in 0.006991 seconds
  Import took 0.011714 seconds .

========================================================================
Received Import Request.
  Time since last request: 0.000329 seconds.
  path: Assets/Graphics/tileset_15.asset
  artifactKey: Guid(c0400737e7280c349b8caab22940c94e) Importer(815301076,1909f56bfc062723c751e8b465ee728b)
Start importing Assets/Graphics/tileset_15.asset using Guid(c0400737e7280c349b8caab22940c94e) Importer(815301076,1909f56bfc062723c751e8b465ee728b)  -> (artifact id: '1ba699d373c0d657a9f975c253c24cff') in 0.012645 seconds
  Import took 0.017153 seconds .

========================================================================
Received Import Request.
  Time since last request: 0.000227 seconds.
  path: Assets/Graphics/tileset_7.asset
  artifactKey: Guid(f76b3cb7ce80c3a49b53513f433568c2) Importer(815301076,1909f56bfc062723c751e8b465ee728b)
Start importing Assets/Graphics/tileset_7.asset using Guid(f76b3cb7ce80c3a49b53513f433568c2) Importer(815301076,1909f56bfc062723c751e8b465ee728b)  -> (artifact id: '1ce3db5cf9d7e6f4aa8c45e3ab18cbd1') in 0.008243 seconds
  Import took 0.012920 seconds .

========================================================================
Received Import Request.
  Time since last request: 0.000243 seconds.
  path: Assets/Graphics/tileset_30.asset
  artifactKey: Guid(5a6bf3dcbac9393478e0395f7afffaf9) Importer(815301076,1909f56bfc062723c751e8b465ee728b)
Start importing Assets/Graphics/tileset_30.asset using Guid(5a6bf3dcbac9393478e0395f7afffaf9) Importer(815301076,1909f56bfc062723c751e8b465ee728b)  -> (artifact id: '57c5c5115a5efdc320378c3671a0b68f') in 0.008867 seconds
  Import took 0.012543 seconds .

========================================================================
Received Import Request.
  Time since last request: 0.000225 seconds.
  path: Assets/Graphics/tileset_33.asset
  artifactKey: Guid(18f3b3349ab8ff94e89e66a09cfe42c7) Importer(815301076,1909f56bfc062723c751e8b465ee728b)
Start importing Assets/Graphics/tileset_33.asset using Guid(18f3b3349ab8ff94e89e66a09cfe42c7) Importer(815301076,1909f56bfc062723c751e8b465ee728b)  -> (artifact id: '5c5db1880ae72e486f4a1fedad00b4ae') in 0.010237 seconds
  Import took 0.014675 seconds .

========================================================================
Received Import Request.
  Time since last request: 0.000323 seconds.
  path: Assets/Graphics/tileset_29.asset
  artifactKey: Guid(5daf8415a2619724a878335a54b303b1) Importer(815301076,1909f56bfc062723c751e8b465ee728b)
Start importing Assets/Graphics/tileset_29.asset using Guid(5daf8415a2619724a878335a54b303b1) Importer(815301076,1909f56bfc062723c751e8b465ee728b)  -> (artifact id: 'ee0a963ec5c90ab0179b4230e8ba02de') in 0.007118 seconds
  Import took 0.011265 seconds .

========================================================================
Received Import Request.
  Time since last request: 0.000236 seconds.
  path: Assets/Graphics/tileset_35.asset
  artifactKey: Guid(3f0ff500800e7ba4da4aeb1b9e6447d5) Importer(815301076,1909f56bfc062723c751e8b465ee728b)
Start importing Assets/Graphics/tileset_35.asset using Guid(3f0ff500800e7ba4da4aeb1b9e6447d5) Importer(815301076,1909f56bfc062723c751e8b465ee728b)  -> (artifact id: '220d9733e9a21ccb577037f644f40fae') in 0.008201 seconds
  Import took 0.013619 seconds .

========================================================================
Received Import Request.
  Time since last request: 0.000263 seconds.
  path: Assets/Graphics/tileset_22.asset
  artifactKey: Guid(cdd25d6e0d215e54eb15258576dc627d) Importer(815301076,1909f56bfc062723c751e8b465ee728b)
Start importing Assets/Graphics/tileset_22.asset using Guid(cdd25d6e0d215e54eb15258576dc627d) Importer(815301076,1909f56bfc062723c751e8b465ee728b)  -> (artifact id: 'f5123278201e95c57e345fcf86196ac2') in 0.011161 seconds
  Import took 0.015362 seconds .

========================================================================
Received Import Request.
  Time since last request: 0.000220 seconds.
  path: Assets/Graphics/tileset_11.asset
  artifactKey: Guid(d3862930daf6b03488fe38a3fa77a278) Importer(815301076,1909f56bfc062723c751e8b465ee728b)
Start importing Assets/Graphics/tileset_11.asset using Guid(d3862930daf6b03488fe38a3fa77a278) Importer(815301076,1909f56bfc062723c751e8b465ee728b)  -> (artifact id: '84a31a01e310b166eefd712c4068e766') in 0.007504 seconds
  Import took 0.012332 seconds .

========================================================================
Received Import Request.
  Time since last request: 0.000191 seconds.
  path: Assets/Graphics/tileset_34.asset
  artifactKey: Guid(d8e8cb496299d154d874249b3c65487b) Importer(815301076,1909f56bfc062723c751e8b465ee728b)
Start importing Assets/Graphics/tileset_34.asset using Guid(d8e8cb496299d154d874249b3c65487b) Importer(815301076,1909f56bfc062723c751e8b465ee728b)  -> (artifact id: 'eabb5121195c3ac9ffebb500b33ee9ae') in 0.006299 seconds
  Import took 0.011071 seconds .

========================================================================
Received Import Request.
  Time since last request: 0.000220 seconds.
  path: Assets/Graphics/tileset_37.asset
  artifactKey: Guid(cac3fc493a8d18947bf503491cbb5aa2) Importer(815301076,1909f56bfc062723c751e8b465ee728b)
Start importing Assets/Graphics/tileset_37.asset using Guid(cac3fc493a8d18947bf503491cbb5aa2) Importer(815301076,1909f56bfc062723c751e8b465ee728b)  -> (artifact id: '88983aa796e4c22d3562e4acf0199da4') in 0.007953 seconds
  Import took 0.013051 seconds .

========================================================================
Received Import Request.
  Time since last request: 0.000411 seconds.
  path: Assets/Graphics/tileset_1.asset
  artifactKey: Guid(5b0d27c84407cf24280a8f8efebbb4dc) Importer(815301076,1909f56bfc062723c751e8b465ee728b)
Start importing Assets/Graphics/tileset_1.asset using Guid(5b0d27c84407cf24280a8f8efebbb4dc) Importer(815301076,1909f56bfc062723c751e8b465ee728b)  -> (artifact id: 'dcf18dc2b0f8ab4c34a340d5a35510d5') in 0.009409 seconds
  Import took 0.014711 seconds .

========================================================================
Received Import Request.
  Time since last request: 0.000214 seconds.
  path: Assets/Graphics/tileset_8.asset
  artifactKey: Guid(ba1aaf3352b9c7646a020fffd9a4caa3) Importer(815301076,1909f56bfc062723c751e8b465ee728b)
Start importing Assets/Graphics/tileset_8.asset using Guid(ba1aaf3352b9c7646a020fffd9a4caa3) Importer(815301076,1909f56bfc062723c751e8b465ee728b)  -> (artifact id: 'ac641867b637ef02d19ad0d3dc94dc31') in 0.009073 seconds
  Import took 0.013043 seconds .

========================================================================
Received Import Request.
  Time since last request: 0.000189 seconds.
  path: Assets/Graphics/tileset_28.asset
  artifactKey: Guid(c1f51303d6fc9b5458dccd9fcc54fc5b) Importer(815301076,1909f56bfc062723c751e8b465ee728b)
Start importing Assets/Graphics/tileset_28.asset using Guid(c1f51303d6fc9b5458dccd9fcc54fc5b) Importer(815301076,1909f56bfc062723c751e8b465ee728b)  -> (artifact id: '23ca5b22dcbb09a92bcb029a0edd95cf') in 0.008537 seconds
  Import took 0.013922 seconds .

========================================================================
Received Import Request.
  Time since last request: 0.000357 seconds.
  path: Assets/Graphics/tileset_25.asset
  artifactKey: Guid(5d63775e4ebee4148ad25589532496b0) Importer(815301076,1909f56bfc062723c751e8b465ee728b)
Start importing Assets/Graphics/tileset_25.asset using Guid(5d63775e4ebee4148ad25589532496b0) Importer(815301076,1909f56bfc062723c751e8b465ee728b)  -> (artifact id: 'eadf3e0519eb1c201e2bdd27aed0d3ab') in 0.009106 seconds
  Import took 0.014191 seconds .

========================================================================
Received Import Request.
  Time since last request: 0.000287 seconds.
  path: Assets/Graphics/tileset_10.asset
  artifactKey: Guid(310ccd7116d830e4f99bc5c085865a14) Importer(815301076,1909f56bfc062723c751e8b465ee728b)
Start importing Assets/Graphics/tileset_10.asset using Guid(310ccd7116d830e4f99bc5c085865a14) Importer(815301076,1909f56bfc062723c751e8b465ee728b)  -> (artifact id: '1439ed4518cac6c27e24106c21174049') in 0.006620 seconds
  Import took 0.011077 seconds .

========================================================================
Received Import Request.
  Time since last request: 0.000308 seconds.
  path: Assets/Graphics/tileset_5.asset
  artifactKey: Guid(59153cc76e38e184e94faeeb2119edf7) Importer(815301076,1909f56bfc062723c751e8b465ee728b)
Start importing Assets/Graphics/tileset_5.asset using Guid(59153cc76e38e184e94faeeb2119edf7) Importer(815301076,1909f56bfc062723c751e8b465ee728b)  -> (artifact id: '9a9f40b0e8cb46799f9198bac020318b') in 0.008560 seconds
  Import took 0.013328 seconds .

========================================================================
Received Import Request.
  Time since last request: 0.000211 seconds.
  path: Assets/Graphics/tileset_12.asset
  artifactKey: Guid(b45de215c98a9df48a4bc759f933d514) Importer(815301076,1909f56bfc062723c751e8b465ee728b)
Start importing Assets/Graphics/tileset_12.asset using Guid(b45de215c98a9df48a4bc759f933d514) Importer(815301076,1909f56bfc062723c751e8b465ee728b)  -> (artifact id: '842741d7c4e197552526012716c80e97') in 0.009101 seconds
  Import took 0.013770 seconds .

========================================================================
Received Import Request.
  Time since last request: 0.000221 seconds.
  path: Assets/Graphics/tileset_6.asset
  artifactKey: Guid(7d6acafeae187994fbeef5d867930841) Importer(815301076,1909f56bfc062723c751e8b465ee728b)
Start importing Assets/Graphics/tileset_6.asset using Guid(7d6acafeae187994fbeef5d867930841) Importer(815301076,1909f56bfc062723c751e8b465ee728b)  -> (artifact id: 'ef4a384d46068b9eeaeed327bcdf4832') in 0.007674 seconds
  Import took 0.012582 seconds .

========================================================================
Received Import Request.
  Time since last request: 0.000241 seconds.
  path: Assets/Graphics/tileset_3.asset
  artifactKey: Guid(ba28905719571c945810274dfb864aa8) Importer(815301076,1909f56bfc062723c751e8b465ee728b)
Start importing Assets/Graphics/tileset_3.asset using Guid(ba28905719571c945810274dfb864aa8) Importer(815301076,1909f56bfc062723c751e8b465ee728b)  -> (artifact id: '335c4a6d8aec3c5b29c0873933c75746') in 0.011123 seconds
  Import took 0.015210 seconds .

========================================================================
Received Import Request.
  Time since last request: 0.000217 seconds.
  path: Assets/Graphics/tileset_36.asset
  artifactKey: Guid(1c0ed3b1094ee9f4889546f741deac25) Importer(815301076,1909f56bfc062723c751e8b465ee728b)
Start importing Assets/Graphics/tileset_36.asset using Guid(1c0ed3b1094ee9f4889546f741deac25) Importer(815301076,1909f56bfc062723c751e8b465ee728b)  -> (artifact id: 'fc62084be1362008139d379606115714') in 0.008698 seconds
  Import took 0.013793 seconds .

========================================================================
Received Import Request.
  Time since last request: 0.000194 seconds.
  path: Assets/Graphics/tileset_2.asset
  artifactKey: Guid(dc0365e57f13b2c47afb29c863649a35) Importer(815301076,1909f56bfc062723c751e8b465ee728b)
Start importing Assets/Graphics/tileset_2.asset using Guid(dc0365e57f13b2c47afb29c863649a35) Importer(815301076,1909f56bfc062723c751e8b465ee728b)  -> (artifact id: 'd8caf0c58b1108436ee7d8882285b5a8') in 0.008042 seconds
  Import took 0.011999 seconds .

========================================================================
Received Import Request.
  Time since last request: 0.000478 seconds.
  path: Assets/Graphics/tileset_19.asset
  artifactKey: Guid(5154fdfcb836b5549bde7930586667cc) Importer(815301076,1909f56bfc062723c751e8b465ee728b)
Start importing Assets/Graphics/tileset_19.asset using Guid(5154fdfcb836b5549bde7930586667cc) Importer(815301076,1909f56bfc062723c751e8b465ee728b)  -> (artifact id: '95700a942fb7e7dd787a15f2ad33ef3a') in 0.009633 seconds
  Import took 0.016075 seconds .

========================================================================
Received Import Request.
  Time since last request: 0.000515 seconds.
  path: Assets/Graphics/tileset_17.asset
  artifactKey: Guid(72229347819732e46b0c613b93576a4a) Importer(815301076,1909f56bfc062723c751e8b465ee728b)
Start importing Assets/Graphics/tileset_17.asset using Guid(72229347819732e46b0c613b93576a4a) Importer(815301076,1909f56bfc062723c751e8b465ee728b)  -> (artifact id: '73ab3e2b291d94383149bb9b4feaf316') in 0.006382 seconds
  Import took 0.010823 seconds .

========================================================================
Received Import Request.
  Time since last request: 0.000285 seconds.
  path: Assets/Graphics/tileset_18.asset
  artifactKey: Guid(5ae2bac397e65114ba4ea1be91dd7074) Importer(815301076,1909f56bfc062723c751e8b465ee728b)
Start importing Assets/Graphics/tileset_18.asset using Guid(5ae2bac397e65114ba4ea1be91dd7074) Importer(815301076,1909f56bfc062723c751e8b465ee728b)  -> (artifact id: 'e21e20631925df0f55b804cdac859ee8') in 0.009285 seconds
  Import took 0.014352 seconds .

========================================================================
Received Import Request.
  Time since last request: 0.000220 seconds.
  path: Assets/Graphics/tileset_23.asset
  artifactKey: Guid(6810df6a8f65d5a47ba3104d26dfda52) Importer(815301076,1909f56bfc062723c751e8b465ee728b)
Start importing Assets/Graphics/tileset_23.asset using Guid(6810df6a8f65d5a47ba3104d26dfda52) Importer(815301076,1909f56bfc062723c751e8b465ee728b)  -> (artifact id: '5904cc717a6130fc138226c3c007fb82') in 0.007851 seconds
  Import took 0.013184 seconds .

========================================================================
Received Import Request.
  Time since last request: 0.000240 seconds.
  path: Assets/Graphics/tileset_32.asset
  artifactKey: Guid(715756a86d0c9ed4ea84565aae47053a) Importer(815301076,1909f56bfc062723c751e8b465ee728b)
Start importing Assets/Graphics/tileset_32.asset using Guid(715756a86d0c9ed4ea84565aae47053a) Importer(815301076,1909f56bfc062723c751e8b465ee728b)  -> (artifact id: 'd1d1a6f10ad9c6690e981638a893bda4') in 0.010870 seconds
  Import took 0.017320 seconds .

========================================================================
Received Import Request.
  Time since last request: 0.000244 seconds.
  path: Assets/Graphics/tileset_26.asset
  artifactKey: Guid(cfd5bc13140ee0741bdaeec9ae9786e5) Importer(815301076,1909f56bfc062723c751e8b465ee728b)
Start importing Assets/Graphics/tileset_26.asset using Guid(cfd5bc13140ee0741bdaeec9ae9786e5) Importer(815301076,1909f56bfc062723c751e8b465ee728b)  -> (artifact id: 'b083615f8d1a9e63bac06304ce3e59f6') in 0.008755 seconds
  Import took 0.015409 seconds .

========================================================================
Received Import Request.
  Time since last request: 0.000244 seconds.
  path: Assets/Graphics/tileset_9.asset
  artifactKey: Guid(1166951f8b5f55847886ab6b943d0804) Importer(815301076,1909f56bfc062723c751e8b465ee728b)
Start importing Assets/Graphics/tileset_9.asset using Guid(1166951f8b5f55847886ab6b943d0804) Importer(815301076,1909f56bfc062723c751e8b465ee728b)  -> (artifact id: '5e29695a0d340b432836fcbd29674b2f') in 0.007868 seconds
  Import took 0.013388 seconds .

========================================================================
Received Import Request.
  Time since last request: 0.000200 seconds.
  path: Assets/Graphics/tileset_31.asset
  artifactKey: Guid(597edc89d82cd0943a27fcf75f54fc98) Importer(815301076,1909f56bfc062723c751e8b465ee728b)
Start importing Assets/Graphics/tileset_31.asset using Guid(597edc89d82cd0943a27fcf75f54fc98) Importer(815301076,1909f56bfc062723c751e8b465ee728b)  -> (artifact id: '9c93fdbf1148e5c40e86b67e6091613a') in 0.007173 seconds
  Import took 0.011589 seconds .

========================================================================
Received Import Request.
  Time since last request: 0.000359 seconds.
  path: Assets/Graphics/tileset_14.asset
  artifactKey: Guid(b286e6563c13048419bf479c8ee0991d) Importer(815301076,1909f56bfc062723c751e8b465ee728b)
Start importing Assets/Graphics/tileset_14.asset using Guid(b286e6563c13048419bf479c8ee0991d) Importer(815301076,1909f56bfc062723c751e8b465ee728b)  -> (artifact id: '008858577b2712a5f876b76fac4f7d78') in 0.007968 seconds
  Import took 0.014224 seconds .

========================================================================
Received Import Request.
  Time since last request: 0.000397 seconds.
  path: Assets/Graphics/tileset_24.asset
  artifactKey: Guid(ad3a0465dbb5ed041b72eaab5c45e221) Importer(815301076,1909f56bfc062723c751e8b465ee728b)
Start importing Assets/Graphics/tileset_24.asset using Guid(ad3a0465dbb5ed041b72eaab5c45e221) Importer(815301076,1909f56bfc062723c751e8b465ee728b)  -> (artifact id: '0357b04f278ab1987dab56e8e0b5faa7') in 0.008164 seconds
  Import took 0.012581 seconds .

========================================================================
Received Import Request.
  Time since last request: 0.000228 seconds.
  path: Assets/Graphics/tileset_27.asset
  artifactKey: Guid(8b589493075602346b9202278ac691d5) Importer(815301076,1909f56bfc062723c751e8b465ee728b)
Start importing Assets/Graphics/tileset_27.asset using Guid(8b589493075602346b9202278ac691d5) Importer(815301076,1909f56bfc062723c751e8b465ee728b)  -> (artifact id: 'fb09ae1831bfcc76c4c83f2083de4bc3') in 0.008565 seconds
  Import took 0.012464 seconds .

========================================================================
Received Import Request.
  Time since last request: 0.000219 seconds.
  path: Assets/Graphics/tileset_16.asset
  artifactKey: Guid(7222964ab2dfe924e8e186f4efe20e6a) Importer(815301076,1909f56bfc062723c751e8b465ee728b)
Start importing Assets/Graphics/tileset_16.asset using Guid(7222964ab2dfe924e8e186f4efe20e6a) Importer(815301076,1909f56bfc062723c751e8b465ee728b)  -> (artifact id: '48438825a3333539d581dac79c748d0f') in 0.007358 seconds
  Import took 0.012489 seconds .

========================================================================
Received Import Request.
  Time since last request: 5.135425 seconds.
  path: Assets/Graphics/tileset_38.asset
  artifactKey: Guid(7a96bdabdb3a93343888f645a1169757) Importer(815301076,1909f56bfc062723c751e8b465ee728b)
Start importing Assets/Graphics/tileset_38.asset using Guid(7a96bdabdb3a93343888f645a1169757) Importer(815301076,1909f56bfc062723c751e8b465ee728b)  -> (artifact id: '94d9fbb09ce0bd01a2294392a2c25309') in 0.005193 seconds
  Import took 0.008818 seconds .

========================================================================
Received Import Request.
  Time since last request: 1.338338 seconds.
  path: Assets/Graphics/tileset_39.asset
  artifactKey: Guid(2d481ad795801e34589b03c9339cae5f) Importer(815301076,1909f56bfc062723c751e8b465ee728b)
Start importing Assets/Graphics/tileset_39.asset using Guid(2d481ad795801e34589b03c9339cae5f) Importer(815301076,1909f56bfc062723c751e8b465ee728b)  -> (artifact id: '2b464ca627c71b19281f82e635ee8a76') in 0.006808 seconds
  Import took 0.011041 seconds .

========================================================================
Received Import Request.
  Time since last request: 0.000276 seconds.
  path: Assets/Graphics/tileset_41.asset
  artifactKey: Guid(d005663602deece4180b0219b981870b) Importer(815301076,1909f56bfc062723c751e8b465ee728b)
Start importing Assets/Graphics/tileset_41.asset using Guid(d005663602deece4180b0219b981870b) Importer(815301076,1909f56bfc062723c751e8b465ee728b)  -> (artifact id: 'a33966f863d96038ec9aac7731a58db5') in 0.007082 seconds
  Import took 0.011628 seconds .

========================================================================
Received Import Request.
  Time since last request: 0.000327 seconds.
  path: Assets/Graphics/tileset_42.asset
  artifactKey: Guid(a5fca06949fc455439465272042f7b5f) Importer(815301076,1909f56bfc062723c751e8b465ee728b)
Start importing Assets/Graphics/tileset_42.asset using Guid(a5fca06949fc455439465272042f7b5f) Importer(815301076,1909f56bfc062723c751e8b465ee728b)  -> (artifact id: 'ca4c6529dbb11e6a2431d4e64f541e2c') in 0.006336 seconds
  Import took 0.010709 seconds .

========================================================================
Received Import Request.
  Time since last request: 0.000352 seconds.
  path: Assets/Graphics/tileset_43.asset
  artifactKey: Guid(31a185a58c3b7fb4eba11038876dc0e5) Importer(815301076,1909f56bfc062723c751e8b465ee728b)
Start importing Assets/Graphics/tileset_43.asset using Guid(31a185a58c3b7fb4eba11038876dc0e5) Importer(815301076,1909f56bfc062723c751e8b465ee728b)  -> (artifact id: 'f14cc0a1a8a3a163f94a80dd13f6641c') in 0.007669 seconds
  Import took 0.012311 seconds .

========================================================================
Received Import Request.
  Time since last request: 0.000239 seconds.
  path: Assets/Graphics/tileset_40.asset
  artifactKey: Guid(01019dcff94923046987a072f7a696a2) Importer(815301076,1909f56bfc062723c751e8b465ee728b)
Start importing Assets/Graphics/tileset_40.asset using Guid(01019dcff94923046987a072f7a696a2) Importer(815301076,1909f56bfc062723c751e8b465ee728b)  -> (artifact id: '112bfee75847c71eba5e21c18c10ebef') in 0.007823 seconds
  Import took 0.013591 seconds .

========================================================================
Received Import Request.
  Time since last request: 0.000283 seconds.
  path: Assets/Graphics/tileset_39.asset
  artifactKey: Guid(2d481ad795801e34589b03c9339cae5f) Importer(815301076,1909f56bfc062723c751e8b465ee728b)
Start importing Assets/Graphics/tileset_39.asset using Guid(2d481ad795801e34589b03c9339cae5f) Importer(815301076,1909f56bfc062723c751e8b465ee728b)  -> (artifact id: '2b464ca627c71b19281f82e635ee8a76') in 0.008311 seconds
  Import took 0.013549 seconds .

========================================================================
Received Import Request.
  Time since last request: 14.640693 seconds.
  path: Assets/Spirtes/sprites.png
  artifactKey: Guid(0e37d65ceb62e8844859768c387a11ae) Importer(815301076,1909f56bfc062723c751e8b465ee728b)
Start importing Assets/Spirtes/sprites.png using Guid(0e37d65ceb62e8844859768c387a11ae) Importer(815301076,1909f56bfc062723c751e8b465ee728b)  -> (artifact id: '585dc72f504249346d5ad7819ee0f0e3') in 0.030371 seconds
  Import took 0.035716 seconds .

========================================================================
Received Import Request.
  Time since last request: 33.508267 seconds.
  path: Assets/Spirtes/sprites.png
  artifactKey: Guid(0e37d65ceb62e8844859768c387a11ae) Importer(815301076,1909f56bfc062723c751e8b465ee728b)
Start importing Assets/Spirtes/sprites.png using Guid(0e37d65ceb62e8844859768c387a11ae) Importer(815301076,1909f56bfc062723c751e8b465ee728b)  -> (artifact id: '34e54cd27a211a0690627bdb8eb747f2') in 0.089939 seconds
  Import took 0.094567 seconds .

========================================================================
Received Prepare
Registering precompiled user dll's ...
Registered in 0.000964 seconds.
Begin MonoManager ReloadAssembly
Native extension for WindowsStandalone target not found
Native extension for OSXStandalone target not found
Refreshing native plugins compatible for Editor in 0.45 ms, found 1 plugins.
Preloading 0 native plugins for Editor in 0.00 ms.
Invoked RoslynAnalysisRunner static constructor.
RoslynAnalysisRunner will not be running.
RoslynAnalysisRunner has terminated.
Mono: successfully reloaded assembly
- Completed reload, in  1.307 seconds
Platform modules already initialized, skipping
Refreshing native plugins compatible for Editor in 0.40 ms, found 1 plugins.
Preloading 0 native plugins for Editor in 0.00 ms.
Unloading 1804 Unused Serialized files (Serialized files now loaded: 0)
System memory in use before: 88.4 MB.
System memory in use after: 88.3 MB.

Unloading 12 unused Assets to reduce memory usage. Loaded Objects now: 2337.
Total: 2.843600 ms (FindLiveObjects: 0.494800 ms CreateObjectMapping: 0.214000 ms MarkObjects: 2.016200 ms  DeleteObjects: 0.117200 ms)

========================================================================
Received Prepare
Registering precompiled user dll's ...
Registered in 0.000938 seconds.
Begin MonoManager ReloadAssembly
Native extension for WindowsStandalone target not found
Native extension for OSXStandalone target not found
Refreshing native plugins compatible for Editor in 0.70 ms, found 1 plugins.
Preloading 0 native plugins for Editor in 0.00 ms.
Invoked RoslynAnalysisRunner static constructor.
RoslynAnalysisRunner will not be running.
RoslynAnalysisRunner has terminated.
Mono: successfully reloaded assembly
- Completed reload, in  1.277 seconds
Platform modules already initialized, skipping
Refreshing native plugins compatible for Editor in 0.64 ms, found 1 plugins.
Preloading 0 native plugins for Editor in 0.00 ms.
Unloading 1804 Unused Serialized files (Serialized files now loaded: 0)
System memory in use before: 88.4 MB.
System memory in use after: 88.4 MB.

Unloading 12 unused Assets to reduce memory usage. Loaded Objects now: 2341.
Total: 2.638200 ms (FindLiveObjects: 0.265700 ms CreateObjectMapping: 0.103200 ms MarkObjects: 2.140100 ms  DeleteObjects: 0.127800 ms)

========================================================================
Received Prepare
Registering precompiled user dll's ...
Registered in 0.001301 seconds.
Begin MonoManager ReloadAssembly
Native extension for WindowsStandalone target not found
Native extension for OSXStandalone target not found
Refreshing native plugins compatible for Editor in 0.78 ms, found 1 plugins.
Preloading 0 native plugins for Editor in 0.00 ms.
Invoked RoslynAnalysisRunner static constructor.
RoslynAnalysisRunner will not be running.
RoslynAnalysisRunner has terminated.
Mono: successfully reloaded assembly
- Completed reload, in  1.257 seconds
Platform modules already initialized, skipping
Refreshing native plugins compatible for Editor in 0.50 ms, found 1 plugins.
Preloading 0 native plugins for Editor in 0.00 ms.
Unloading 1804 Unused Serialized files (Serialized files now loaded: 0)
System memory in use before: 88.4 MB.
System memory in use after: 88.4 MB.

Unloading 12 unused Assets to reduce memory usage. Loaded Objects now: 2345.
Total: 2.618700 ms (FindLiveObjects: 0.275300 ms CreateObjectMapping: 0.155200 ms MarkObjects: 2.062600 ms  DeleteObjects: 0.124200 ms)

========================================================================
Received Prepare
Registering precompiled user dll's ...
Registered in 0.000934 seconds.
Begin MonoManager ReloadAssembly
Native extension for WindowsStandalone target not found
Native extension for OSXStandalone target not found
Refreshing native plugins compatible for Editor in 0.86 ms, found 1 plugins.
Preloading 0 native plugins for Editor in 0.00 ms.
Invoked RoslynAnalysisRunner static constructor.
RoslynAnalysisRunner will not be running.
RoslynAnalysisRunner has terminated.
Mono: successfully reloaded assembly
- Completed reload, in  1.099 seconds
Platform modules already initialized, skipping
Refreshing native plugins compatible for Editor in 0.39 ms, found 1 plugins.
Preloading 0 native plugins for Editor in 0.00 ms.
Unloading 1804 Unused Serialized files (Serialized files now loaded: 0)
System memory in use before: 88.4 MB.
System memory in use after: 88.4 MB.

Unloading 12 unused Assets to reduce memory usage. Loaded Objects now: 2349.
Total: 2.472000 ms (FindLiveObjects: 0.254200 ms CreateObjectMapping: 0.125200 ms MarkObjects: 1.975700 ms  DeleteObjects: 0.115300 ms)

========================================================================
Received Prepare
Registering precompiled user dll's ...
Registered in 0.000995 seconds.
Begin MonoManager ReloadAssembly
Native extension for WindowsStandalone target not found
Native extension for OSXStandalone target not found
Refreshing native plugins compatible for Editor in 0.42 ms, found 1 plugins.
Preloading 0 native plugins for Editor in 0.00 ms.
Invoked RoslynAnalysisRunner static constructor.
RoslynAnalysisRunner will not be running.
RoslynAnalysisRunner has terminated.
Mono: successfully reloaded assembly
- Completed reload, in  1.241 seconds
Platform modules already initialized, skipping
Refreshing native plugins compatible for Editor in 0.42 ms, found 1 plugins.
Preloading 0 native plugins for Editor in 0.00 ms.
Unloading 1804 Unused Serialized files (Serialized files now loaded: 0)
System memory in use before: 88.4 MB.
System memory in use after: 88.4 MB.

Unloading 12 unused Assets to reduce memory usage. Loaded Objects now: 2353.
Total: 2.389900 ms (FindLiveObjects: 0.229500 ms CreateObjectMapping: 0.098100 ms MarkObjects: 1.938600 ms  DeleteObjects: 0.122200 ms)

========================================================================
Received Prepare
Registering precompiled user dll's ...
Registered in 0.000972 seconds.
Begin MonoManager ReloadAssembly
Native extension for WindowsStandalone target not found
Native extension for OSXStandalone target not found
Refreshing native plugins compatible for Editor in 0.43 ms, found 1 plugins.
Preloading 0 native plugins for Editor in 0.00 ms.
Invoked RoslynAnalysisRunner static constructor.
RoslynAnalysisRunner will not be running.
RoslynAnalysisRunner has terminated.
Mono: successfully reloaded assembly
- Completed reload, in  1.101 seconds
Platform modules already initialized, skipping
Refreshing native plugins compatible for Editor in 0.43 ms, found 1 plugins.
Preloading 0 native plugins for Editor in 0.00 ms.
Unloading 1804 Unused Serialized files (Serialized files now loaded: 0)
System memory in use before: 88.4 MB.
System memory in use after: 88.4 MB.

Unloading 12 unused Assets to reduce memory usage. Loaded Objects now: 2357.
Total: 3.085800 ms (FindLiveObjects: 0.509600 ms CreateObjectMapping: 0.142800 ms MarkObjects: 2.290500 ms  DeleteObjects: 0.140700 ms)

AssetImportWorkerClient::OnTransportError - code=2 error=End of file
